Using pre-set license
Built from '2020.3/staging' branch; Version is '2020.3.9f1 (108be757e447) revision 1084391'; Using compiler version '192528614'; Build Type 'Release'
OS: 'Windows 10 Home Single Language; OS build 19043.1288; Version 2009; 64bit' Language: 'en' Physical Memory: 8089 MB
BatchMode: 1, IsHumanControllingUs: 0, StartBugReporterOnCrash: 0, Is64bit: 1, IsPro: 0

 COMMAND LINE ARGUMENTS:
C:\Program Files\Unity\Hub\Editor\2020.3.9f1\Editor\Unity.exe
-adb2
-batchMode
-noUpm
-name
AssetImportWorker0
-projectPath
D:/Projects/UnityProject/AR_Project/Unity_Project_AR
-logFile
Logs/AssetImportWorker0.log
-srvPort
10430
Successfully changed project path to: D:/Projects/UnityProject/AR_Project/Unity_Project_AR
D:/Projects/UnityProject/AR_Project/Unity_Project_AR
Using Asset Import Pipeline V2.
Refreshing native plugins compatible for Editor in 138.60 ms, found 3 plugins.
Preloading 2 native plugins for Editor in 21.20 ms.
Initialize engine version: 2020.3.9f1 (108be757e447)
[Subsystems] Discovering subsystems at path C:/Program Files/Unity/Hub/Editor/2020.3.9f1/Editor/Data/Resources/UnitySubsystems
[Subsystems] Discovering subsystems at path D:/Projects/UnityProject/AR_Project/Unity_Project_AR/Assets
GfxDevice: creating device client; threaded=0
Direct3D:
    Version:  Direct3D 11.0 [level 11.0]
    Renderer: NVIDIA GeForce 940MX (ID=0x134d)
    Vendor:   
    VRAM:     2010 MB
    Driver:   27.21.14.5638
Initialize mono
Mono path[0] = 'C:/Program Files/Unity/Hub/Editor/2020.3.9f1/Editor/Data/Managed'
Mono path[1] = 'C:/Program Files/Unity/Hub/Editor/2020.3.9f1/Editor/Data/MonoBleedingEdge/lib/mono/unityjit'
Mono config path = 'C:/Program Files/Unity/Hub/Editor/2020.3.9f1/Editor/Data/MonoBleedingEdge/etc'
Using monoOptions --debugger-agent=transport=dt_socket,embedding=1,server=y,suspend=n,address=127.0.0.1:56680
Begin MonoManager ReloadAssembly
Registering precompiled unity dll's ...
Register platform support module: C:/Program Files/Unity/Hub/Editor/2020.3.9f1/Editor/Data/PlaybackEngines/WebGLSupport/UnityEditor.WebGL.Extensions.dll
Register platform support module: C:/Program Files/Unity/Hub/Editor/2020.3.9f1/Editor/Data/PlaybackEngines/WindowsStandaloneSupport/UnityEditor.WindowsStandalone.Extensions.dll
Registered in 0.013279 seconds.
Native extension for WindowsStandalone target not found
Native extension for WebGL target not found
Refreshing native plugins compatible for Editor in 52.23 ms, found 3 plugins.
Preloading 2 native plugins for Editor in 0.47 ms.
Mono: successfully reloaded assembly
- Completed reload, in  6.950 seconds
Platform modules already initialized, skipping
Registering precompiled user dll's ...
Registered in 0.221597 seconds.
Begin MonoManager ReloadAssembly
Native extension for WindowsStandalone target not found
Native extension for WebGL target not found
Refreshing native plugins compatible for Editor in 0.47 ms, found 3 plugins.
Preloading 2 native plugins for Editor in 0.43 ms.
System.NullReferenceException: Object reference not set to an instance of an object
  at Vuforia.EditorClasses.ExtensionTypeProvider.GetVuforiaPackageAbsPath () [0x0004a] in <67f168408fbf4fce9c04342c093e9fe7>:0 
  at Vuforia.EditorClasses.ExtensionTypeProvider.IsPackageManager () [0x00000] in <67f168408fbf4fce9c04342c093e9fe7>:0 
  at Vuforia.EditorClasses.ExtensionTypeProvider.ResolvePluginType () [0x00009] in <67f168408fbf4fce9c04342c093e9fe7>:0 
  at Vuforia.EditorClasses.ExtensionTypeProvider.GetPluginType () [0x0000c] in <67f168408fbf4fce9c04342c093e9fe7>:0 
  at Vuforia.EditorClasses.VuforiaUtilities.IsVuforiaEnabledInPlayerSettings () [0x00000] in <67f168408fbf4fce9c04342c093e9fe7>:0 
  at VuforiaEnabledObserver..cctor () [0x00000] in <67f168408fbf4fce9c04342c093e9fe7>:0 
UnityEngine.StackTraceUtility:ExtractStackTrace ()
UnityEngine.DebugLogHandler:LogFormat (UnityEngine.LogType,UnityEngine.Object,string,object[])
UnityEngine.Logger:Log (UnityEngine.LogType,object)
UnityEngine.Debug:LogError (object)
UnityEditor.EditorAssemblies:ProcessInitializeOnLoadAttributes (System.Type[])

System.NullReferenceException: Object reference not set to an instance of an object
  at Vuforia.EditorClasses.ExtensionTypeProvider.GetVuforiaPackageAbsPath () [0x0004a] in <67f168408fbf4fce9c04342c093e9fe7>:0 
  at Vuforia.EditorClasses.ExtensionTypeProvider.IsPackageManager () [0x00000] in <67f168408fbf4fce9c04342c093e9fe7>:0 
  at Vuforia.EditorClasses.ExtensionTypeProvider.ResolvePluginType () [0x00009] in <67f168408fbf4fce9c04342c093e9fe7>:0 
  at Vuforia.EditorClasses.ExtensionTypeProvider.GetPluginType () [0x0000c] in <67f168408fbf4fce9c04342c093e9fe7>:0 
  at Vuforia.EditorClasses.VuforiaUtilities.IsVuforiaEnabledInPlayerSettings () [0x00000] in <67f168408fbf4fce9c04342c093e9fe7>:0 
  at Vuforia.EditorClasses.InitializeOnLoadVuforiaTaskRunner..cctor () [0x00015] in <67f168408fbf4fce9c04342c093e9fe7>:0 
UnityEngine.StackTraceUtility:ExtractStackTrace ()
UnityEngine.DebugLogHandler:LogFormat (UnityEngine.LogType,UnityEngine.Object,string,object[])
UnityEngine.Logger:Log (UnityEngine.LogType,object)
UnityEngine.Debug:LogError (object)
UnityEditor.EditorAssemblies:ProcessInitializeOnLoadAttributes (System.Type[])

Mono: successfully reloaded assembly
- Completed reload, in  2.653 seconds
Platform modules already initialized, skipping
========================================================================
Worker process is ready to serve import requests
Launched and connected shader compiler UnityShaderCompiler.exe after 0.31 seconds
Refreshing native plugins compatible for Editor in 0.93 ms, found 3 plugins.
Preloading 2 native plugins for Editor in 0.41 ms.
Unloading 1169 Unused Serialized files (Serialized files now loaded: 0)
System memory in use before: 62.0 MB.
System memory in use after: 62.1 MB.

Unloading 38 unused Assets to reduce memory usage. Loaded Objects now: 1878.
Total: 4.196000 ms (FindLiveObjects: 0.442800 ms CreateObjectMapping: 0.153700 ms MarkObjects: 3.384000 ms  DeleteObjects: 0.213500 ms)

========================================================================
Received Import Request.
  path: Assets/Sounds
  artifactKey: Guid(82f4d3cf4882a2740a9cb8a34077c75c) Importer(815301076,1909f56bfc062723c751e8b465ee728b)
Start importing Assets/Sounds using Guid(82f4d3cf4882a2740a9cb8a34077c75c) Importer(815301076,1909f56bfc062723c751e8b465ee728b)  -> (artifact id: '7291aea7b26d1cc7fdce00255f9ea644') in 0.063233 seconds
  Import took 0.124579 seconds .

========================================================================
Received Import Request.
  Time since last request: 106.451973 seconds.
  path: Assets/Sounds/confirm_style_2_005.wav
  artifactKey: Guid(5cb75137273357b4ebebc40186e7061a) Importer(815301076,1909f56bfc062723c751e8b465ee728b)
Start importing Assets/Sounds/confirm_style_2_005.wav using Guid(5cb75137273357b4ebebc40186e7061a) Importer(815301076,1909f56bfc062723c751e8b465ee728b)  -> (artifact id: '0a6d6389959284e980042dbb1e464f1c') in 0.598322 seconds
  Import took 0.628720 seconds .

========================================================================
Received Import Request.
  Time since last request: 12.625144 seconds.
  path: Assets/Sounds/Detected_Sound.wav
  artifactKey: Guid(5cb75137273357b4ebebc40186e7061a) Importer(815301076,1909f56bfc062723c751e8b465ee728b)
Start importing Assets/Sounds/Detected_Sound.wav using Guid(5cb75137273357b4ebebc40186e7061a) Importer(815301076,1909f56bfc062723c751e8b465ee728b)  -> (artifact id: 'e47c47bc3079f11303575f82a4bbb8cd') in 0.071518 seconds
  Import took 0.122446 seconds .

========================================================================
Received Prepare
Registering precompiled user dll's ...
Registered in 0.047909 seconds.
Begin MonoManager ReloadAssembly
Native extension for WindowsStandalone target not found
Native extension for WebGL target not found
Refreshing native plugins compatible for Editor in 0.50 ms, found 3 plugins.
Preloading 2 native plugins for Editor in 0.29 ms.
System.NullReferenceException: Object reference not set to an instance of an object
  at Vuforia.EditorClasses.ExtensionTypeProvider.GetVuforiaPackageAbsPath () [0x0004a] in <67f168408fbf4fce9c04342c093e9fe7>:0 
  at Vuforia.EditorClasses.ExtensionTypeProvider.IsPackageManager () [0x00000] in <67f168408fbf4fce9c04342c093e9fe7>:0 
  at Vuforia.EditorClasses.ExtensionTypeProvider.ResolvePluginType () [0x00009] in <67f168408fbf4fce9c04342c093e9fe7>:0 
  at Vuforia.EditorClasses.ExtensionTypeProvider.GetPluginType () [0x0000c] in <67f168408fbf4fce9c04342c093e9fe7>:0 
  at Vuforia.EditorClasses.VuforiaUtilities.IsVuforiaEnabledInPlayerSettings () [0x00000] in <67f168408fbf4fce9c04342c093e9fe7>:0 
  at VuforiaEnabledObserver..cctor () [0x00000] in <67f168408fbf4fce9c04342c093e9fe7>:0 
UnityEngine.StackTraceUtility:ExtractStackTrace ()
UnityEngine.DebugLogHandler:LogFormat (UnityEngine.LogType,UnityEngine.Object,string,object[])
UnityEngine.Logger:Log (UnityEngine.LogType,object)
UnityEngine.Debug:LogError (object)
UnityEditor.EditorAssemblies:ProcessInitializeOnLoadAttributes (System.Type[])

System.NullReferenceException: Object reference not set to an instance of an object
  at Vuforia.EditorClasses.ExtensionTypeProvider.GetVuforiaPackageAbsPath () [0x0004a] in <67f168408fbf4fce9c04342c093e9fe7>:0 
  at Vuforia.EditorClasses.ExtensionTypeProvider.IsPackageManager () [0x00000] in <67f168408fbf4fce9c04342c093e9fe7>:0 
  at Vuforia.EditorClasses.ExtensionTypeProvider.ResolvePluginType () [0x00009] in <67f168408fbf4fce9c04342c093e9fe7>:0 
  at Vuforia.EditorClasses.ExtensionTypeProvider.GetPluginType () [0x0000c] in <67f168408fbf4fce9c04342c093e9fe7>:0 
  at Vuforia.EditorClasses.VuforiaUtilities.IsVuforiaEnabledInPlayerSettings () [0x00000] in <67f168408fbf4fce9c04342c093e9fe7>:0 
  at Vuforia.EditorClasses.InitializeOnLoadVuforiaTaskRunner..cctor () [0x00015] in <67f168408fbf4fce9c04342c093e9fe7>:0 
UnityEngine.StackTraceUtility:ExtractStackTrace ()
UnityEngine.DebugLogHandler:LogFormat (UnityEngine.LogType,UnityEngine.Object,string,object[])
UnityEngine.Logger:Log (UnityEngine.LogType,object)
UnityEngine.Debug:LogError (object)
UnityEditor.EditorAssemblies:ProcessInitializeOnLoadAttributes (System.Type[])

Mono: successfully reloaded assembly
- Completed reload, in  5.631 seconds
Platform modules already initialized, skipping
Switching build target platform(19) subTarget(0) extendedPlatform(0) -> platform(13) subTarget(537395200) extendedPlatform(0)
Refreshing native plugins compatible for Editor in 0.85 ms, found 3 plugins.
Preloading 2 native plugins for Editor in 0.38 ms.
Unloading 1156 Unused Serialized files (Serialized files now loaded: 0)
System memory in use before: 63.8 MB.
System memory in use after: 63.8 MB.

Unloading 33 unused Assets to reduce memory usage. Loaded Objects now: 1890.
Total: 6.288400 ms (FindLiveObjects: 0.422600 ms CreateObjectMapping: 0.123100 ms MarkObjects: 5.601300 ms  DeleteObjects: 0.139700 ms)

AssetImportParameters requested are different than current active one (requested -> active):
  custom:graphics/normal-map-encoding: 01000000000000000000000000000000 -> 02000000000000000000000000000000
========================================================================
Received Import Request.
  Time since last request: 123.774354 seconds.
  path: Assets/Sounds/error_style_5_002.wav
  artifactKey: Guid(f2b7d76b0f4f97e4398109b6db1a8209) Importer(815301076,1909f56bfc062723c751e8b465ee728b)
Start importing Assets/Sounds/error_style_5_002.wav using Guid(f2b7d76b0f4f97e4398109b6db1a8209) Importer(815301076,1909f56bfc062723c751e8b465ee728b)  -> (artifact id: 'b60c41889a3d858445c129aae0774ded') in 0.100289 seconds
  Import took 0.133754 seconds .

========================================================================
Received Import Request.
  Time since last request: 5.811642 seconds.
  path: Assets/Sounds/NotDetected.wav
  artifactKey: Guid(f2b7d76b0f4f97e4398109b6db1a8209) Importer(815301076,1909f56bfc062723c751e8b465ee728b)
Start importing Assets/Sounds/NotDetected.wav using Guid(f2b7d76b0f4f97e4398109b6db1a8209) Importer(815301076,1909f56bfc062723c751e8b465ee728b)  -> (artifact id: 'fe1850474e6ab1dbd2e6f110b9aba0c4') in 0.102706 seconds
  Import took 0.157203 seconds .

========================================================================
Received Import Request.
  Time since last request: 5.942617 seconds.
  path: Assets/Sounds/NotDetected_SFX.wav
  artifactKey: Guid(f2b7d76b0f4f97e4398109b6db1a8209) Importer(815301076,1909f56bfc062723c751e8b465ee728b)
Start importing Assets/Sounds/NotDetected_SFX.wav using Guid(f2b7d76b0f4f97e4398109b6db1a8209) Importer(815301076,1909f56bfc062723c751e8b465ee728b)  -> (artifact id: 'add916cff208fd1de8ec72fa50f43645') in 0.062869 seconds
  Import took 0.097591 seconds .

========================================================================
Received Import Request.
  Time since last request: 5.767021 seconds.
  path: Assets/Sounds/Detected_SFX.wav
  artifactKey: Guid(5cb75137273357b4ebebc40186e7061a) Importer(815301076,1909f56bfc062723c751e8b465ee728b)
Start importing Assets/Sounds/Detected_SFX.wav using Guid(5cb75137273357b4ebebc40186e7061a) Importer(815301076,1909f56bfc062723c751e8b465ee728b)  -> (artifact id: 'ab6b208256ba34f1286d1292303fd653') in 0.097828 seconds
  Import took 0.120508 seconds .

========================================================================
Received Import Request.
  Time since last request: 12.578214 seconds.
  path: Assets/Sounds/Detected_SFX.wav
  artifactKey: Guid(5cb75137273357b4ebebc40186e7061a) Importer(815301076,1909f56bfc062723c751e8b465ee728b)
Start importing Assets/Sounds/Detected_SFX.wav using Guid(5cb75137273357b4ebebc40186e7061a) Importer(815301076,1909f56bfc062723c751e8b465ee728b)  -> (artifact id: '8a334493cffeef9106fa1cfb77e559b1') in 0.073751 seconds
  Import took 0.077647 seconds .

========================================================================
Received Import Request.
  Time since last request: 0.000311 seconds.
  path: Assets/Sounds/NotDetected_SFX.wav
  artifactKey: Guid(f2b7d76b0f4f97e4398109b6db1a8209) Importer(815301076,1909f56bfc062723c751e8b465ee728b)
Start importing Assets/Sounds/NotDetected_SFX.wav using Guid(f2b7d76b0f4f97e4398109b6db1a8209) Importer(815301076,1909f56bfc062723c751e8b465ee728b)  -> (artifact id: 'c7713f4fc45c752b8de60d8e4db2182e') in 0.036735 seconds
  Import took 0.072239 seconds .

========================================================================
Received Import Request.
  Time since last request: 15.714813 seconds.
  path: Assets/Sounds/Detected_SFX.wav
  artifactKey: Guid(5cb75137273357b4ebebc40186e7061a) Importer(815301076,1909f56bfc062723c751e8b465ee728b)
Start importing Assets/Sounds/Detected_SFX.wav using Guid(5cb75137273357b4ebebc40186e7061a) Importer(815301076,1909f56bfc062723c751e8b465ee728b)  -> (artifact id: '5dcfff406fa25e43667e2d2d5d5e6c84') in 0.098898 seconds
  Import took 0.316048 seconds .

========================================================================
Received Import Request.
  Time since last request: 0.000408 seconds.
  path: Assets/Sounds/NotDetected_SFX.wav
  artifactKey: Guid(f2b7d76b0f4f97e4398109b6db1a8209) Importer(815301076,1909f56bfc062723c751e8b465ee728b)
Start importing Assets/Sounds/NotDetected_SFX.wav using Guid(f2b7d76b0f4f97e4398109b6db1a8209) Importer(815301076,1909f56bfc062723c751e8b465ee728b)  -> (artifact id: '3eefe9b8ce6012ddf5389e1b6723c7fd') in 0.317844 seconds
  Import took 0.348322 seconds .

========================================================================
Received Prepare
Registering precompiled user dll's ...
Registered in 0.025928 seconds.
Begin MonoManager ReloadAssembly
Native extension for WindowsStandalone target not found
Native extension for WebGL target not found
Refreshing native plugins compatible for Editor in 0.55 ms, found 3 plugins.
Preloading 2 native plugins for Editor in 0.28 ms.
System.NullReferenceException: Object reference not set to an instance of an object
  at Vuforia.EditorClasses.ExtensionTypeProvider.GetVuforiaPackageAbsPath () [0x0004a] in <67f168408fbf4fce9c04342c093e9fe7>:0 
  at Vuforia.EditorClasses.ExtensionTypeProvider.IsPackageManager () [0x00000] in <67f168408fbf4fce9c04342c093e9fe7>:0 
  at Vuforia.EditorClasses.ExtensionTypeProvider.ResolvePluginType () [0x00009] in <67f168408fbf4fce9c04342c093e9fe7>:0 
  at Vuforia.EditorClasses.ExtensionTypeProvider.GetPluginType () [0x0000c] in <67f168408fbf4fce9c04342c093e9fe7>:0 
  at Vuforia.EditorClasses.VuforiaUtilities.IsVuforiaEnabledInPlayerSettings () [0x00000] in <67f168408fbf4fce9c04342c093e9fe7>:0 
  at VuforiaEnabledObserver..cctor () [0x00000] in <67f168408fbf4fce9c04342c093e9fe7>:0 
UnityEngine.StackTraceUtility:ExtractStackTrace ()
UnityEngine.DebugLogHandler:LogFormat (UnityEngine.LogType,UnityEngine.Object,string,object[])
UnityEngine.Logger:Log (UnityEngine.LogType,object)
UnityEngine.Debug:LogError (object)
UnityEditor.EditorAssemblies:ProcessInitializeOnLoadAttributes (System.Type[])

System.NullReferenceException: Object reference not set to an instance of an object
  at Vuforia.EditorClasses.ExtensionTypeProvider.GetVuforiaPackageAbsPath () [0x0004a] in <67f168408fbf4fce9c04342c093e9fe7>:0 
  at Vuforia.EditorClasses.ExtensionTypeProvider.IsPackageManager () [0x00000] in <67f168408fbf4fce9c04342c093e9fe7>:0 
  at Vuforia.EditorClasses.ExtensionTypeProvider.ResolvePluginType () [0x00009] in <67f168408fbf4fce9c04342c093e9fe7>:0 
  at Vuforia.EditorClasses.ExtensionTypeProvider.GetPluginType () [0x0000c] in <67f168408fbf4fce9c04342c093e9fe7>:0 
  at Vuforia.EditorClasses.VuforiaUtilities.IsVuforiaEnabledInPlayerSettings () [0x00000] in <67f168408fbf4fce9c04342c093e9fe7>:0 
  at Vuforia.EditorClasses.InitializeOnLoadVuforiaTaskRunner..cctor () [0x00015] in <67f168408fbf4fce9c04342c093e9fe7>:0 
UnityEngine.StackTraceUtility:ExtractStackTrace ()
UnityEngine.DebugLogHandler:LogFormat (UnityEngine.LogType,UnityEngine.Object,string,object[])
UnityEngine.Logger:Log (UnityEngine.LogType,object)
UnityEngine.Debug:LogError (object)
UnityEditor.EditorAssemblies:ProcessInitializeOnLoadAttributes (System.Type[])

Mono: successfully reloaded assembly
- Completed reload, in  1.919 seconds
Platform modules already initialized, skipping
Switching build target platform(19) subTarget(0) extendedPlatform(0) -> platform(13) subTarget(537395200) extendedPlatform(0)
Refreshing native plugins compatible for Editor in 0.46 ms, found 3 plugins.
Preloading 2 native plugins for Editor in 0.35 ms.
Unloading 1156 Unused Serialized files (Serialized files now loaded: 0)
System memory in use before: 63.8 MB.
System memory in use after: 63.9 MB.

Unloading 33 unused Assets to reduce memory usage. Loaded Objects now: 1894.
Total: 3.012200 ms (FindLiveObjects: 0.256100 ms CreateObjectMapping: 0.101300 ms MarkObjects: 2.580500 ms  DeleteObjects: 0.072000 ms)

AssetImportParameters requested are different than current active one (requested -> active):
  custom:graphics/normal-map-encoding: 01000000000000000000000000000000 -> 02000000000000000000000000000000
========================================================================
Received Prepare
Registering precompiled user dll's ...
Registered in 0.045305 seconds.
Begin MonoManager ReloadAssembly
Native extension for WindowsStandalone target not found
Native extension for WebGL target not found
Refreshing native plugins compatible for Editor in 0.98 ms, found 3 plugins.
Preloading 2 native plugins for Editor in 0.39 ms.
System.NullReferenceException: Object reference not set to an instance of an object
  at Vuforia.EditorClasses.ExtensionTypeProvider.GetVuforiaPackageAbsPath () [0x0004a] in <67f168408fbf4fce9c04342c093e9fe7>:0 
  at Vuforia.EditorClasses.ExtensionTypeProvider.IsPackageManager () [0x00000] in <67f168408fbf4fce9c04342c093e9fe7>:0 
  at Vuforia.EditorClasses.ExtensionTypeProvider.ResolvePluginType () [0x00009] in <67f168408fbf4fce9c04342c093e9fe7>:0 
  at Vuforia.EditorClasses.ExtensionTypeProvider.GetPluginType () [0x0000c] in <67f168408fbf4fce9c04342c093e9fe7>:0 
  at Vuforia.EditorClasses.VuforiaUtilities.IsVuforiaEnabledInPlayerSettings () [0x00000] in <67f168408fbf4fce9c04342c093e9fe7>:0 
  at VuforiaEnabledObserver..cctor () [0x00000] in <67f168408fbf4fce9c04342c093e9fe7>:0 
UnityEngine.StackTraceUtility:ExtractStackTrace ()
UnityEngine.DebugLogHandler:LogFormat (UnityEngine.LogType,UnityEngine.Object,string,object[])
UnityEngine.Logger:Log (UnityEngine.LogType,object)
UnityEngine.Debug:LogError (object)
UnityEditor.EditorAssemblies:ProcessInitializeOnLoadAttributes (System.Type[])

System.NullReferenceException: Object reference not set to an instance of an object
  at Vuforia.EditorClasses.ExtensionTypeProvider.GetVuforiaPackageAbsPath () [0x0004a] in <67f168408fbf4fce9c04342c093e9fe7>:0 
  at Vuforia.EditorClasses.ExtensionTypeProvider.IsPackageManager () [0x00000] in <67f168408fbf4fce9c04342c093e9fe7>:0 
  at Vuforia.EditorClasses.ExtensionTypeProvider.ResolvePluginType () [0x00009] in <67f168408fbf4fce9c04342c093e9fe7>:0 
  at Vuforia.EditorClasses.ExtensionTypeProvider.GetPluginType () [0x0000c] in <67f168408fbf4fce9c04342c093e9fe7>:0 
  at Vuforia.EditorClasses.VuforiaUtilities.IsVuforiaEnabledInPlayerSettings () [0x00000] in <67f168408fbf4fce9c04342c093e9fe7>:0 
  at Vuforia.EditorClasses.InitializeOnLoadVuforiaTaskRunner..cctor () [0x00015] in <67f168408fbf4fce9c04342c093e9fe7>:0 
UnityEngine.StackTraceUtility:ExtractStackTrace ()
UnityEngine.DebugLogHandler:LogFormat (UnityEngine.LogType,UnityEngine.Object,string,object[])
UnityEngine.Logger:Log (UnityEngine.LogType,object)
UnityEngine.Debug:LogError (object)
UnityEditor.EditorAssemblies:ProcessInitializeOnLoadAttributes (System.Type[])

Mono: successfully reloaded assembly
- Completed reload, in  3.275 seconds
Platform modules already initialized, skipping
Switching build target platform(19) subTarget(0) extendedPlatform(0) -> platform(13) subTarget(537395200) extendedPlatform(0)
Refreshing native plugins compatible for Editor in 0.49 ms, found 3 plugins.
Preloading 2 native plugins for Editor in 0.28 ms.
Unloading 1156 Unused Serialized files (Serialized files now loaded: 0)
System memory in use before: 63.8 MB.
System memory in use after: 63.9 MB.

Unloading 33 unused Assets to reduce memory usage. Loaded Objects now: 1897.
Total: 2.633600 ms (FindLiveObjects: 0.310400 ms CreateObjectMapping: 0.110900 ms MarkObjects: 2.137100 ms  DeleteObjects: 0.073700 ms)

AssetImportParameters requested are different than current active one (requested -> active):
  custom:graphics/normal-map-encoding: 01000000000000000000000000000000 -> 02000000000000000000000000000000
========================================================================
Received Prepare
Registering precompiled user dll's ...
Registered in 0.031352 seconds.
Begin MonoManager ReloadAssembly
Native extension for WindowsStandalone target not found
Native extension for WebGL target not found
Refreshing native plugins compatible for Editor in 1.21 ms, found 3 plugins.
Preloading 2 native plugins for Editor in 2.52 ms.
System.NullReferenceException: Object reference not set to an instance of an object
  at Vuforia.EditorClasses.ExtensionTypeProvider.GetVuforiaPackageAbsPath () [0x0004a] in <67f168408fbf4fce9c04342c093e9fe7>:0 
  at Vuforia.EditorClasses.ExtensionTypeProvider.IsPackageManager () [0x00000] in <67f168408fbf4fce9c04342c093e9fe7>:0 
  at Vuforia.EditorClasses.ExtensionTypeProvider.ResolvePluginType () [0x00009] in <67f168408fbf4fce9c04342c093e9fe7>:0 
  at Vuforia.EditorClasses.ExtensionTypeProvider.GetPluginType () [0x0000c] in <67f168408fbf4fce9c04342c093e9fe7>:0 
  at Vuforia.EditorClasses.VuforiaUtilities.IsVuforiaEnabledInPlayerSettings () [0x00000] in <67f168408fbf4fce9c04342c093e9fe7>:0 
  at VuforiaEnabledObserver..cctor () [0x00000] in <67f168408fbf4fce9c04342c093e9fe7>:0 
UnityEngine.StackTraceUtility:ExtractStackTrace ()
UnityEngine.DebugLogHandler:LogFormat (UnityEngine.LogType,UnityEngine.Object,string,object[])
UnityEngine.Logger:Log (UnityEngine.LogType,object)
UnityEngine.Debug:LogError (object)
UnityEditor.EditorAssemblies:ProcessInitializeOnLoadAttributes (System.Type[])

System.NullReferenceException: Object reference not set to an instance of an object
  at Vuforia.EditorClasses.ExtensionTypeProvider.GetVuforiaPackageAbsPath () [0x0004a] in <67f168408fbf4fce9c04342c093e9fe7>:0 
  at Vuforia.EditorClasses.ExtensionTypeProvider.IsPackageManager () [0x00000] in <67f168408fbf4fce9c04342c093e9fe7>:0 
  at Vuforia.EditorClasses.ExtensionTypeProvider.ResolvePluginType () [0x00009] in <67f168408fbf4fce9c04342c093e9fe7>:0 
  at Vuforia.EditorClasses.ExtensionTypeProvider.GetPluginType () [0x0000c] in <67f168408fbf4fce9c04342c093e9fe7>:0 
  at Vuforia.EditorClasses.VuforiaUtilities.IsVuforiaEnabledInPlayerSettings () [0x00000] in <67f168408fbf4fce9c04342c093e9fe7>:0 
  at Vuforia.EditorClasses.InitializeOnLoadVuforiaTaskRunner..cctor () [0x00015] in <67f168408fbf4fce9c04342c093e9fe7>:0 
UnityEngine.StackTraceUtility:ExtractStackTrace ()
UnityEngine.DebugLogHandler:LogFormat (UnityEngine.LogType,UnityEngine.Object,string,object[])
UnityEngine.Logger:Log (UnityEngine.LogType,object)
UnityEngine.Debug:LogError (object)
UnityEditor.EditorAssemblies:ProcessInitializeOnLoadAttributes (System.Type[])

Mono: successfully reloaded assembly
- Completed reload, in  3.197 seconds
Platform modules already initialized, skipping
Switching build target platform(19) subTarget(0) extendedPlatform(0) -> platform(13) subTarget(537395200) extendedPlatform(0)
Refreshing native plugins compatible for Editor in 1.04 ms, found 3 plugins.
Preloading 2 native plugins for Editor in 0.56 ms.
Unloading 1156 Unused Serialized files (Serialized files now loaded: 0)
System memory in use before: 63.8 MB.
System memory in use after: 63.9 MB.

Unloading 33 unused Assets to reduce memory usage. Loaded Objects now: 1900.
Total: 2.576500 ms (FindLiveObjects: 0.444800 ms CreateObjectMapping: 0.247500 ms MarkObjects: 1.813000 ms  DeleteObjects: 0.069600 ms)

AssetImportParameters requested are different than current active one (requested -> active):
  custom:graphics/normal-map-encoding: 01000000000000000000000000000000 -> 02000000000000000000000000000000
========================================================================
Received Prepare
Refreshing native plugins compatible for Editor in 16.00 ms, found 3 plugins.
Preloading 2 native plugins for Editor in 0.21 ms.
Unloading 31 Unused Serialized files (Serialized files now loaded: 0)
System memory in use before: 41.8 MB.
System memory in use after: 41.9 MB.

Unloading 31 unused Assets to reduce memory usage. Loaded Objects now: 1900.
Total: 2.819900 ms (FindLiveObjects: 0.181800 ms CreateObjectMapping: 0.076300 ms MarkObjects: 2.485600 ms  DeleteObjects: 0.074800 ms)

========================================================================
Received Prepare
Registering precompiled user dll's ...
Registered in 0.611236 seconds.
Begin MonoManager ReloadAssembly
Native extension for WindowsStandalone target not found
Native extension for WebGL target not found
Refreshing native plugins compatible for Editor in 0.85 ms, found 3 plugins.
Preloading 2 native plugins for Editor in 0.42 ms.
System.NullReferenceException: Object reference not set to an instance of an object
  at Vuforia.EditorClasses.ExtensionTypeProvider.GetVuforiaPackageAbsPath () [0x0004a] in <67f168408fbf4fce9c04342c093e9fe7>:0 
  at Vuforia.EditorClasses.ExtensionTypeProvider.IsPackageManager () [0x00000] in <67f168408fbf4fce9c04342c093e9fe7>:0 
  at Vuforia.EditorClasses.ExtensionTypeProvider.ResolvePluginType () [0x00009] in <67f168408fbf4fce9c04342c093e9fe7>:0 
  at Vuforia.EditorClasses.ExtensionTypeProvider.GetPluginType () [0x0000c] in <67f168408fbf4fce9c04342c093e9fe7>:0 
  at Vuforia.EditorClasses.VuforiaUtilities.IsVuforiaEnabledInPlayerSettings () [0x00000] in <67f168408fbf4fce9c04342c093e9fe7>:0 
  at VuforiaEnabledObserver..cctor () [0x00000] in <67f168408fbf4fce9c04342c093e9fe7>:0 
UnityEngine.StackTraceUtility:ExtractStackTrace ()
UnityEngine.DebugLogHandler:LogFormat (UnityEngine.LogType,UnityEngine.Object,string,object[])
UnityEngine.Logger:Log (UnityEngine.LogType,object)
UnityEngine.Debug:LogError (object)
UnityEditor.EditorAssemblies:ProcessInitializeOnLoadAttributes (System.Type[])

System.NullReferenceException: Object reference not set to an instance of an object
  at Vuforia.EditorClasses.ExtensionTypeProvider.GetVuforiaPackageAbsPath () [0x0004a] in <67f168408fbf4fce9c04342c093e9fe7>:0 
  at Vuforia.EditorClasses.ExtensionTypeProvider.IsPackageManager () [0x00000] in <67f168408fbf4fce9c04342c093e9fe7>:0 
  at Vuforia.EditorClasses.ExtensionTypeProvider.ResolvePluginType () [0x00009] in <67f168408fbf4fce9c04342c093e9fe7>:0 
  at Vuforia.EditorClasses.ExtensionTypeProvider.GetPluginType () [0x0000c] in <67f168408fbf4fce9c04342c093e9fe7>:0 
  at Vuforia.EditorClasses.VuforiaUtilities.IsVuforiaEnabledInPlayerSettings () [0x00000] in <67f168408fbf4fce9c04342c093e9fe7>:0 
  at Vuforia.EditorClasses.InitializeOnLoadVuforiaTaskRunner..cctor () [0x00015] in <67f168408fbf4fce9c04342c093e9fe7>:0 
UnityEngine.StackTraceUtility:ExtractStackTrace ()
UnityEngine.DebugLogHandler:LogFormat (UnityEngine.LogType,UnityEngine.Object,string,object[])
UnityEngine.Logger:Log (UnityEngine.LogType,object)
UnityEngine.Debug:LogError (object)
UnityEditor.EditorAssemblies:ProcessInitializeOnLoadAttributes (System.Type[])

Mono: successfully reloaded assembly
- Completed reload, in  1.576 seconds
Platform modules already initialized, skipping
Switching build target platform(19) subTarget(0) extendedPlatform(0) -> platform(13) subTarget(537395200) extendedPlatform(0)
Refreshing native plugins compatible for Editor in 0.52 ms, found 3 plugins.
Preloading 2 native plugins for Editor in 0.30 ms.
Unloading 1156 Unused Serialized files (Serialized files now loaded: 0)
System memory in use before: 63.8 MB.
System memory in use after: 63.9 MB.

Unloading 33 unused Assets to reduce memory usage. Loaded Objects now: 1903.
Total: 3.729600 ms (FindLiveObjects: 0.282200 ms CreateObjectMapping: 0.080600 ms MarkObjects: 3.236500 ms  DeleteObjects: 0.128300 ms)

AssetImportParameters requested are different than current active one (requested -> active):
  custom:graphics/normal-map-encoding: 01000000000000000000000000000000 -> 02000000000000000000000000000000
========================================================================
Received Import Request.
  Time since last request: 1085.036779 seconds.
  path: Packages/com.ptc.vuforia.engine/Vuforia/Scripts/VuforiaScripts.asmdef
  artifactKey: Guid(4aa734a563557450591d3fe58a62a120) Importer(815301076,1909f56bfc062723c751e8b465ee728b)
Start importing Packages/com.ptc.vuforia.engine/Vuforia/Scripts/VuforiaScripts.asmdef using Guid(4aa734a563557450591d3fe58a62a120) Importer(815301076,1909f56bfc062723c751e8b465ee728b)  -> (artifact id: 'f4d7cf5b67adddca6ea0dbffab5102aa') in 0.101754 seconds
  Import took 0.133218 seconds .

========================================================================
Received Prepare
Registering precompiled user dll's ...
Registered in 0.507450 seconds.
Begin MonoManager ReloadAssembly
Native extension for WindowsStandalone target not found
Native extension for WebGL target not found
Refreshing native plugins compatible for Editor in 0.53 ms, found 3 plugins.
Preloading 2 native plugins for Editor in 0.33 ms.
System.NullReferenceException: Object reference not set to an instance of an object
  at Vuforia.EditorClasses.ExtensionTypeProvider.GetVuforiaPackageAbsPath () [0x0004a] in <67f168408fbf4fce9c04342c093e9fe7>:0 
  at Vuforia.EditorClasses.ExtensionTypeProvider.IsPackageManager () [0x00000] in <67f168408fbf4fce9c04342c093e9fe7>:0 
  at Vuforia.EditorClasses.ExtensionTypeProvider.ResolvePluginType () [0x00009] in <67f168408fbf4fce9c04342c093e9fe7>:0 
  at Vuforia.EditorClasses.ExtensionTypeProvider.GetPluginType () [0x0000c] in <67f168408fbf4fce9c04342c093e9fe7>:0 
  at Vuforia.EditorClasses.VuforiaUtilities.IsVuforiaEnabledInPlayerSettings () [0x00000] in <67f168408fbf4fce9c04342c093e9fe7>:0 
  at VuforiaEnabledObserver..cctor () [0x00000] in <67f168408fbf4fce9c04342c093e9fe7>:0 
UnityEngine.StackTraceUtility:ExtractStackTrace ()
UnityEngine.DebugLogHandler:LogFormat (UnityEngine.LogType,UnityEngine.Object,string,object[])
UnityEngine.Logger:Log (UnityEngine.LogType,object)
UnityEngine.Debug:LogError (object)
UnityEditor.EditorAssemblies:ProcessInitializeOnLoadAttributes (System.Type[])

System.NullReferenceException: Object reference not set to an instance of an object
  at Vuforia.EditorClasses.ExtensionTypeProvider.GetVuforiaPackageAbsPath () [0x0004a] in <67f168408fbf4fce9c04342c093e9fe7>:0 
  at Vuforia.EditorClasses.ExtensionTypeProvider.IsPackageManager () [0x00000] in <67f168408fbf4fce9c04342c093e9fe7>:0 
  at Vuforia.EditorClasses.ExtensionTypeProvider.ResolvePluginType () [0x00009] in <67f168408fbf4fce9c04342c093e9fe7>:0 
  at Vuforia.EditorClasses.ExtensionTypeProvider.GetPluginType () [0x0000c] in <67f168408fbf4fce9c04342c093e9fe7>:0 
  at Vuforia.EditorClasses.VuforiaUtilities.IsVuforiaEnabledInPlayerSettings () [0x00000] in <67f168408fbf4fce9c04342c093e9fe7>:0 
  at Vuforia.EditorClasses.InitializeOnLoadVuforiaTaskRunner..cctor () [0x00015] in <67f168408fbf4fce9c04342c093e9fe7>:0 
UnityEngine.StackTraceUtility:ExtractStackTrace ()
UnityEngine.DebugLogHandler:LogFormat (UnityEngine.LogType,UnityEngine.Object,string,object[])
UnityEngine.Logger:Log (UnityEngine.LogType,object)
UnityEngine.Debug:LogError (object)
UnityEditor.EditorAssemblies:ProcessInitializeOnLoadAttributes (System.Type[])

Mono: successfully reloaded assembly
- Completed reload, in  1.407 seconds
Platform modules already initialized, skipping
Switching build target platform(19) subTarget(0) extendedPlatform(0) -> platform(13) subTarget(537395200) extendedPlatform(0)
Refreshing native plugins compatible for Editor in 0.53 ms, found 3 plugins.
Preloading 2 native plugins for Editor in 0.22 ms.
Unloading 1156 Unused Serialized files (Serialized files now loaded: 0)
System memory in use before: 63.9 MB.
System memory in use after: 63.9 MB.

Unloading 33 unused Assets to reduce memory usage. Loaded Objects now: 1906.
Total: 3.261400 ms (FindLiveObjects: 0.458000 ms CreateObjectMapping: 0.130200 ms MarkObjects: 2.598600 ms  DeleteObjects: 0.071800 ms)

AssetImportParameters requested are different than current active one (requested -> active):
  custom:graphics/normal-map-encoding: 01000000000000000000000000000000 -> 02000000000000000000000000000000
========================================================================
Received Prepare
Registering precompiled user dll's ...
Registered in 0.329913 seconds.
Begin MonoManager ReloadAssembly
Native extension for WindowsStandalone target not found
Native extension for WebGL target not found
Refreshing native plugins compatible for Editor in 0.78 ms, found 3 plugins.
Preloading 2 native plugins for Editor in 0.29 ms.
System.NullReferenceException: Object reference not set to an instance of an object
  at Vuforia.EditorClasses.ExtensionTypeProvider.GetVuforiaPackageAbsPath () [0x0004a] in <67f168408fbf4fce9c04342c093e9fe7>:0 
  at Vuforia.EditorClasses.ExtensionTypeProvider.IsPackageManager () [0x00000] in <67f168408fbf4fce9c04342c093e9fe7>:0 
  at Vuforia.EditorClasses.ExtensionTypeProvider.ResolvePluginType () [0x00009] in <67f168408fbf4fce9c04342c093e9fe7>:0 
  at Vuforia.EditorClasses.ExtensionTypeProvider.GetPluginType () [0x0000c] in <67f168408fbf4fce9c04342c093e9fe7>:0 
  at Vuforia.EditorClasses.VuforiaUtilities.IsVuforiaEnabledInPlayerSettings () [0x00000] in <67f168408fbf4fce9c04342c093e9fe7>:0 
  at VuforiaEnabledObserver..cctor () [0x00000] in <67f168408fbf4fce9c04342c093e9fe7>:0 
UnityEngine.StackTraceUtility:ExtractStackTrace ()
UnityEngine.DebugLogHandler:LogFormat (UnityEngine.LogType,UnityEngine.Object,string,object[])
UnityEngine.Logger:Log (UnityEngine.LogType,object)
UnityEngine.Debug:LogError (object)
UnityEditor.EditorAssemblies:ProcessInitializeOnLoadAttributes (System.Type[])

System.NullReferenceException: Object reference not set to an instance of an object
  at Vuforia.EditorClasses.ExtensionTypeProvider.GetVuforiaPackageAbsPath () [0x0004a] in <67f168408fbf4fce9c04342c093e9fe7>:0 
  at Vuforia.EditorClasses.ExtensionTypeProvider.IsPackageManager () [0x00000] in <67f168408fbf4fce9c04342c093e9fe7>:0 
  at Vuforia.EditorClasses.ExtensionTypeProvider.ResolvePluginType () [0x00009] in <67f168408fbf4fce9c04342c093e9fe7>:0 
  at Vuforia.EditorClasses.ExtensionTypeProvider.GetPluginType () [0x0000c] in <67f168408fbf4fce9c04342c093e9fe7>:0 
  at Vuforia.EditorClasses.VuforiaUtilities.IsVuforiaEnabledInPlayerSettings () [0x00000] in <67f168408fbf4fce9c04342c093e9fe7>:0 
  at Vuforia.EditorClasses.InitializeOnLoadVuforiaTaskRunner..cctor () [0x00015] in <67f168408fbf4fce9c04342c093e9fe7>:0 
UnityEngine.StackTraceUtility:ExtractStackTrace ()
UnityEngine.DebugLogHandler:LogFormat (UnityEngine.LogType,UnityEngine.Object,string,object[])
UnityEngine.Logger:Log (UnityEngine.LogType,object)
UnityEngine.Debug:LogError (object)
UnityEditor.EditorAssemblies:ProcessInitializeOnLoadAttributes (System.Type[])

Mono: successfully reloaded assembly
- Completed reload, in  4.921 seconds
Platform modules already initialized, skipping
Switching build target platform(19) subTarget(0) extendedPlatform(0) -> platform(13) subTarget(537395200) extendedPlatform(0)
Refreshing native plugins compatible for Editor in 1.77 ms, found 3 plugins.
Preloading 2 native plugins for Editor in 0.45 ms.
Unloading 1156 Unused Serialized files (Serialized files now loaded: 0)
System memory in use before: 63.9 MB.
System memory in use after: 63.9 MB.

Unloading 33 unused Assets to reduce memory usage. Loaded Objects now: 1909.
Total: 14.232100 ms (FindLiveObjects: 0.468900 ms CreateObjectMapping: 0.214200 ms MarkObjects: 13.418900 ms  DeleteObjects: 0.127900 ms)

AssetImportParameters requested are different than current active one (requested -> active):
  custom:graphics/normal-map-encoding: 01000000000000000000000000000000 -> 02000000000000000000000000000000
========================================================================
Received Prepare
Registering precompiled user dll's ...
Registered in 0.024762 seconds.
Begin MonoManager ReloadAssembly
Native extension for WindowsStandalone target not found
Native extension for WebGL target not found
Refreshing native plugins compatible for Editor in 1.76 ms, found 3 plugins.
Preloading 2 native plugins for Editor in 0.41 ms.
System.NullReferenceException: Object reference not set to an instance of an object
  at Vuforia.EditorClasses.ExtensionTypeProvider.GetVuforiaPackageAbsPath () [0x0004a] in <67f168408fbf4fce9c04342c093e9fe7>:0 
  at Vuforia.EditorClasses.ExtensionTypeProvider.IsPackageManager () [0x00000] in <67f168408fbf4fce9c04342c093e9fe7>:0 
  at Vuforia.EditorClasses.ExtensionTypeProvider.ResolvePluginType () [0x00009] in <67f168408fbf4fce9c04342c093e9fe7>:0 
  at Vuforia.EditorClasses.ExtensionTypeProvider.GetPluginType () [0x0000c] in <67f168408fbf4fce9c04342c093e9fe7>:0 
  at Vuforia.EditorClasses.VuforiaUtilities.IsVuforiaEnabledInPlayerSettings () [0x00000] in <67f168408fbf4fce9c04342c093e9fe7>:0 
  at VuforiaEnabledObserver..cctor () [0x00000] in <67f168408fbf4fce9c04342c093e9fe7>:0 
UnityEngine.StackTraceUtility:ExtractStackTrace ()
UnityEngine.DebugLogHandler:LogFormat (UnityEngine.LogType,UnityEngine.Object,string,object[])
UnityEngine.Logger:Log (UnityEngine.LogType,object)
UnityEngine.Debug:LogError (object)
UnityEditor.EditorAssemblies:ProcessInitializeOnLoadAttributes (System.Type[])

System.NullReferenceException: Object reference not set to an instance of an object
  at Vuforia.EditorClasses.ExtensionTypeProvider.GetVuforiaPackageAbsPath () [0x0004a] in <67f168408fbf4fce9c04342c093e9fe7>:0 
  at Vuforia.EditorClasses.ExtensionTypeProvider.IsPackageManager () [0x00000] in <67f168408fbf4fce9c04342c093e9fe7>:0 
  at Vuforia.EditorClasses.ExtensionTypeProvider.ResolvePluginType () [0x00009] in <67f168408fbf4fce9c04342c093e9fe7>:0 
  at Vuforia.EditorClasses.ExtensionTypeProvider.GetPluginType () [0x0000c] in <67f168408fbf4fce9c04342c093e9fe7>:0 
  at Vuforia.EditorClasses.VuforiaUtilities.IsVuforiaEnabledInPlayerSettings () [0x00000] in <67f168408fbf4fce9c04342c093e9fe7>:0 
  at Vuforia.EditorClasses.InitializeOnLoadVuforiaTaskRunner..cctor () [0x00015] in <67f168408fbf4fce9c04342c093e9fe7>:0 
UnityEngine.StackTraceUtility:ExtractStackTrace ()
UnityEngine.DebugLogHandler:LogFormat (UnityEngine.LogType,UnityEngine.Object,string,object[])
UnityEngine.Logger:Log (UnityEngine.LogType,object)
UnityEngine.Debug:LogError (object)
UnityEditor.EditorAssemblies:ProcessInitializeOnLoadAttributes (System.Type[])

Mono: successfully reloaded assembly
- Completed reload, in  2.327 seconds
Platform modules already initialized, skipping
Switching build target platform(19) subTarget(0) extendedPlatform(0) -> platform(13) subTarget(537395200) extendedPlatform(0)
Refreshing native plugins compatible for Editor in 0.78 ms, found 3 plugins.
Preloading 2 native plugins for Editor in 0.82 ms.
Unloading 1156 Unused Serialized files (Serialized files now loaded: 0)
System memory in use before: 63.9 MB.
System memory in use after: 63.9 MB.

Unloading 33 unused Assets to reduce memory usage. Loaded Objects now: 1912.
Total: 6.645800 ms (FindLiveObjects: 0.224000 ms CreateObjectMapping: 0.069300 ms MarkObjects: 6.259600 ms  DeleteObjects: 0.091100 ms)

AssetImportParameters requested are different than current active one (requested -> active):
  custom:graphics/normal-map-encoding: 01000000000000000000000000000000 -> 02000000000000000000000000000000
========================================================================
Received Prepare
Registering precompiled user dll's ...
Registered in 0.134905 seconds.
Begin MonoManager ReloadAssembly
Native extension for WindowsStandalone target not found
Native extension for WebGL target not found
Refreshing native plugins compatible for Editor in 0.58 ms, found 3 plugins.
Preloading 2 native plugins for Editor in 0.31 ms.
System.NullReferenceException: Object reference not set to an instance of an object
  at Vuforia.EditorClasses.ExtensionTypeProvider.GetVuforiaPackageAbsPath () [0x0004a] in <67f168408fbf4fce9c04342c093e9fe7>:0 
  at Vuforia.EditorClasses.ExtensionTypeProvider.IsPackageManager () [0x00000] in <67f168408fbf4fce9c04342c093e9fe7>:0 
  at Vuforia.EditorClasses.ExtensionTypeProvider.ResolvePluginType () [0x00009] in <67f168408fbf4fce9c04342c093e9fe7>:0 
  at Vuforia.EditorClasses.ExtensionTypeProvider.GetPluginType () [0x0000c] in <67f168408fbf4fce9c04342c093e9fe7>:0 
  at Vuforia.EditorClasses.VuforiaUtilities.IsVuforiaEnabledInPlayerSettings () [0x00000] in <67f168408fbf4fce9c04342c093e9fe7>:0 
  at VuforiaEnabledObserver..cctor () [0x00000] in <67f168408fbf4fce9c04342c093e9fe7>:0 
UnityEngine.StackTraceUtility:ExtractStackTrace ()
UnityEngine.DebugLogHandler:LogFormat (UnityEngine.LogType,UnityEngine.Object,string,object[])
UnityEngine.Logger:Log (UnityEngine.LogType,object)
UnityEngine.Debug:LogError (object)
UnityEditor.EditorAssemblies:ProcessInitializeOnLoadAttributes (System.Type[])

System.NullReferenceException: Object reference not set to an instance of an object
  at Vuforia.EditorClasses.ExtensionTypeProvider.GetVuforiaPackageAbsPath () [0x0004a] in <67f168408fbf4fce9c04342c093e9fe7>:0 
  at Vuforia.EditorClasses.ExtensionTypeProvider.IsPackageManager () [0x00000] in <67f168408fbf4fce9c04342c093e9fe7>:0 
  at Vuforia.EditorClasses.ExtensionTypeProvider.ResolvePluginType () [0x00009] in <67f168408fbf4fce9c04342c093e9fe7>:0 
  at Vuforia.EditorClasses.ExtensionTypeProvider.GetPluginType () [0x0000c] in <67f168408fbf4fce9c04342c093e9fe7>:0 
  at Vuforia.EditorClasses.VuforiaUtilities.IsVuforiaEnabledInPlayerSettings () [0x00000] in <67f168408fbf4fce9c04342c093e9fe7>:0 
  at Vuforia.EditorClasses.InitializeOnLoadVuforiaTaskRunner..cctor () [0x00015] in <67f168408fbf4fce9c04342c093e9fe7>:0 
UnityEngine.StackTraceUtility:ExtractStackTrace ()
UnityEngine.DebugLogHandler:LogFormat (UnityEngine.LogType,UnityEngine.Object,string,object[])
UnityEngine.Logger:Log (UnityEngine.LogType,object)
UnityEngine.Debug:LogError (object)
UnityEditor.EditorAssemblies:ProcessInitializeOnLoadAttributes (System.Type[])

Mono: successfully reloaded assembly
- Completed reload, in  2.049 seconds
Platform modules already initialized, skipping
Switching build target platform(19) subTarget(0) extendedPlatform(0) -> platform(13) subTarget(537395200) extendedPlatform(0)
Refreshing native plugins compatible for Editor in 0.46 ms, found 3 plugins.
Preloading 2 native plugins for Editor in 0.24 ms.
Unloading 1156 Unused Serialized files (Serialized files now loaded: 0)
System memory in use before: 63.9 MB.
System memory in use after: 64.0 MB.

Unloading 33 unused Assets to reduce memory usage. Loaded Objects now: 1915.
Total: 6.281500 ms (FindLiveObjects: 0.511200 ms CreateObjectMapping: 0.538700 ms MarkObjects: 5.149100 ms  DeleteObjects: 0.080200 ms)

AssetImportParameters requested are different than current active one (requested -> active):
  custom:graphics/normal-map-encoding: 01000000000000000000000000000000 -> 02000000000000000000000000000000
========================================================================
Received Prepare
Registering precompiled user dll's ...
Registered in 0.027127 seconds.
Begin MonoManager ReloadAssembly
Native extension for WindowsStandalone target not found
Native extension for WebGL target not found
Refreshing native plugins compatible for Editor in 1.09 ms, found 3 plugins.
Preloading 2 native plugins for Editor in 0.94 ms.
System.NullReferenceException: Object reference not set to an instance of an object
  at Vuforia.EditorClasses.ExtensionTypeProvider.GetVuforiaPackageAbsPath () [0x0004a] in <67f168408fbf4fce9c04342c093e9fe7>:0 
  at Vuforia.EditorClasses.ExtensionTypeProvider.IsPackageManager () [0x00000] in <67f168408fbf4fce9c04342c093e9fe7>:0 
  at Vuforia.EditorClasses.ExtensionTypeProvider.ResolvePluginType () [0x00009] in <67f168408fbf4fce9c04342c093e9fe7>:0 
  at Vuforia.EditorClasses.ExtensionTypeProvider.GetPluginType () [0x0000c] in <67f168408fbf4fce9c04342c093e9fe7>:0 
  at Vuforia.EditorClasses.VuforiaUtilities.IsVuforiaEnabledInPlayerSettings () [0x00000] in <67f168408fbf4fce9c04342c093e9fe7>:0 
  at VuforiaEnabledObserver..cctor () [0x00000] in <67f168408fbf4fce9c04342c093e9fe7>:0 
UnityEngine.StackTraceUtility:ExtractStackTrace ()
UnityEngine.DebugLogHandler:LogFormat (UnityEngine.LogType,UnityEngine.Object,string,object[])
UnityEngine.Logger:Log (UnityEngine.LogType,object)
UnityEngine.Debug:LogError (object)
UnityEditor.EditorAssemblies:ProcessInitializeOnLoadAttributes (System.Type[])

System.NullReferenceException: Object reference not set to an instance of an object
  at Vuforia.EditorClasses.ExtensionTypeProvider.GetVuforiaPackageAbsPath () [0x0004a] in <67f168408fbf4fce9c04342c093e9fe7>:0 
  at Vuforia.EditorClasses.ExtensionTypeProvider.IsPackageManager () [0x00000] in <67f168408fbf4fce9c04342c093e9fe7>:0 
  at Vuforia.EditorClasses.ExtensionTypeProvider.ResolvePluginType () [0x00009] in <67f168408fbf4fce9c04342c093e9fe7>:0 
  at Vuforia.EditorClasses.ExtensionTypeProvider.GetPluginType () [0x0000c] in <67f168408fbf4fce9c04342c093e9fe7>:0 
  at Vuforia.EditorClasses.VuforiaUtilities.IsVuforiaEnabledInPlayerSettings () [0x00000] in <67f168408fbf4fce9c04342c093e9fe7>:0 
  at Vuforia.EditorClasses.InitializeOnLoadVuforiaTaskRunner..cctor () [0x00015] in <67f168408fbf4fce9c04342c093e9fe7>:0 
UnityEngine.StackTraceUtility:ExtractStackTrace ()
UnityEngine.DebugLogHandler:LogFormat (UnityEngine.LogType,UnityEngine.Object,string,object[])
UnityEngine.Logger:Log (UnityEngine.LogType,object)
UnityEngine.Debug:LogError (object)
UnityEditor.EditorAssemblies:ProcessInitializeOnLoadAttributes (System.Type[])

Mono: successfully reloaded assembly
- Completed reload, in  5.402 seconds
Platform modules already initialized, skipping
Switching build target platform(19) subTarget(0) extendedPlatform(0) -> platform(13) subTarget(537395200) extendedPlatform(0)
Refreshing native plugins compatible for Editor in 1.21 ms, found 3 plugins.
Preloading 2 native plugins for Editor in 0.39 ms.
Unloading 1156 Unused Serialized files (Serialized files now loaded: 0)
System memory in use before: 63.9 MB.
System memory in use after: 64.0 MB.

Unloading 33 unused Assets to reduce memory usage. Loaded Objects now: 1918.
Total: 7.801300 ms (FindLiveObjects: 0.178700 ms CreateObjectMapping: 0.056600 ms MarkObjects: 7.438300 ms  DeleteObjects: 0.125800 ms)

AssetImportParameters requested are different than current active one (requested -> active):
  custom:graphics/normal-map-encoding: 01000000000000000000000000000000 -> 02000000000000000000000000000000
========================================================================
Received Import Request.
  Time since last request: 915.451808 seconds.
  path: Packages/com.ptc.vuforia.engine/package.json
  artifactKey: Guid(c0e3d889c2a8e4409a9be4e7899d2b51) Importer(815301076,1909f56bfc062723c751e8b465ee728b)
Start importing Packages/com.ptc.vuforia.engine/package.json using Guid(c0e3d889c2a8e4409a9be4e7899d2b51) Importer(815301076,1909f56bfc062723c751e8b465ee728b)  -> (artifact id: '5864ec86048eaa92ea9d0627a5b3c7d6') in 1.394033 seconds
  Import took 1.488257 seconds .

========================================================================
Received Import Request.
  Time since last request: 0.000433 seconds.
  path: Packages/com.ptc.vuforia.engine/readme-add-package-via-git-url-reference-image.png
  artifactKey: Guid(750cc6e77aa924340bf2262e41b7b3b2) Importer(815301076,1909f56bfc062723c751e8b465ee728b)
Start importing Packages/com.ptc.vuforia.engine/readme-add-package-via-git-url-reference-image.png using Guid(750cc6e77aa924340bf2262e41b7b3b2) Importer(815301076,1909f56bfc062723c751e8b465ee728b)  -> (artifact id: '6dc3a2c7a7297e0cafa55c75cd4437a4') in 3.287990 seconds
  Import took 3.388943 seconds .

========================================================================
Received Import Request.
  Time since last request: 8.240549 seconds.
  path: Assets/Sprites
  artifactKey: Guid(11b8a19aacc9ec84c98b896746f77a83) Importer(815301076,1909f56bfc062723c751e8b465ee728b)
Start importing Assets/Sprites using Guid(11b8a19aacc9ec84c98b896746f77a83) Importer(815301076,1909f56bfc062723c751e8b465ee728b)  -> (artifact id: '14141c04661aae51ea855260acb968a5') in 0.062582 seconds
  Import took 0.093085 seconds .

========================================================================
Received Import Request.
  Time since last request: 22.431373 seconds.
  path: Assets/Sprites/UI
  artifactKey: Guid(87f12a6a7aa364a4dbb9618476847553) Importer(815301076,1909f56bfc062723c751e8b465ee728b)
Start importing Assets/Sprites/UI using Guid(87f12a6a7aa364a4dbb9618476847553) Importer(815301076,1909f56bfc062723c751e8b465ee728b)  -> (artifact id: '3271e49c0243ee7d25c2cb833013c20c') in 0.053607 seconds
  Import took 0.085718 seconds .

========================================================================
Received Import Request.
  Time since last request: 7.962589 seconds.
  path: Assets/Sprites/GameObject
  artifactKey: Guid(b31bed7ed3e1abe4999267737d9e1b0a) Importer(815301076,1909f56bfc062723c751e8b465ee728b)
Start importing Assets/Sprites/GameObject using Guid(b31bed7ed3e1abe4999267737d9e1b0a) Importer(815301076,1909f56bfc062723c751e8b465ee728b)  -> (artifact id: '13a2722d5bac4ce009181ec05627a1aa') in 0.019966 seconds
  Import took 0.051492 seconds .

========================================================================
Received Import Request.
  Time since last request: 301.668541 seconds.
  path: Assets/Sprites/UI/Target_ArutalaLogoBlack.jpg
  artifactKey: Guid(a656735068999f74ab6f8f27ff6bccf3) Importer(815301076,1909f56bfc062723c751e8b465ee728b)
Start importing Assets/Sprites/UI/Target_ArutalaLogoBlack.jpg using Guid(a656735068999f74ab6f8f27ff6bccf3) Importer(815301076,1909f56bfc062723c751e8b465ee728b)  -> (artifact id: 'e2d25e8f9f010d5055a246422610c750') in 0.099933 seconds
  Import took 0.136301 seconds .

========================================================================
Received Import Request.
  Time since last request: 133.899876 seconds.
  path: Assets/Sprites/UI/arutala bw (1).jpg
  artifactKey: Guid(5d4eeb56de34fa5498a778e18100bf60) Importer(815301076,1909f56bfc062723c751e8b465ee728b)
Start importing Assets/Sprites/UI/arutala bw (1).jpg using Guid(5d4eeb56de34fa5498a778e18100bf60) Importer(815301076,1909f56bfc062723c751e8b465ee728b)  -> (artifact id: 'c6b601ca280334de767b3649c0497c9c') in 0.221431 seconds
  Import took 0.239060 seconds .

========================================================================
Received Import Request.
  Time since last request: 17.346010 seconds.
  path: Assets/Sprites/UI/arutala bw (1).jpg
  artifactKey: Guid(5d4eeb56de34fa5498a778e18100bf60) Importer(815301076,1909f56bfc062723c751e8b465ee728b)
Start importing Assets/Sprites/UI/arutala bw (1).jpg using Guid(5d4eeb56de34fa5498a778e18100bf60) Importer(815301076,1909f56bfc062723c751e8b465ee728b)  -> (artifact id: '390295ae03d4fab8aea5908f55e71bc4') in 0.080693 seconds
  Import took 0.101384 seconds .

========================================================================
Received Import Request.
  Time since last request: 87.487534 seconds.
  path: Assets/Sprites/UI/Slice 1.png
  artifactKey: Guid(37f1a682322c8304ebae8fc7a3071a29) Importer(815301076,1909f56bfc062723c751e8b465ee728b)
Start importing Assets/Sprites/UI/Slice 1.png using Guid(37f1a682322c8304ebae8fc7a3071a29) Importer(815301076,1909f56bfc062723c751e8b465ee728b)  -> (artifact id: 'b51bb13ce54118d7263ac5699cd6808c') in 0.296754 seconds
  Import took 0.348188 seconds .

========================================================================
Received Import Request.
  Time since last request: 90.406088 seconds.
  path: Assets/Sprites/UI/Slice 1.png
  artifactKey: Guid(37f1a682322c8304ebae8fc7a3071a29) Importer(815301076,1909f56bfc062723c751e8b465ee728b)
Start importing Assets/Sprites/UI/Slice 1.png using Guid(37f1a682322c8304ebae8fc7a3071a29) Importer(815301076,1909f56bfc062723c751e8b465ee728b)  -> (artifact id: 'f532562c5016e596097a5e644284c183') in 0.407054 seconds
  Import took 0.425645 seconds .

========================================================================
Received Import Request.
  Time since last request: 193.046179 seconds.
  path: Assets/Sprites/UI/Slice 1 (1).png
  artifactKey: Guid(3d5a601f0a9a9444b9b9097688c6aad3) Importer(815301076,1909f56bfc062723c751e8b465ee728b)
Start importing Assets/Sprites/UI/Slice 1 (1).png using Guid(3d5a601f0a9a9444b9b9097688c6aad3) Importer(815301076,1909f56bfc062723c751e8b465ee728b)  -> (artifact id: 'e9552647959eb1704b3068ff05a0dfd4') in 0.164978 seconds
  Import took 0.217502 seconds .

========================================================================
Received Import Request.
  Time since last request: 8.771987 seconds.
  path: Assets/Sprites/UI/Slice 1 (1).png
  artifactKey: Guid(3d5a601f0a9a9444b9b9097688c6aad3) Importer(815301076,1909f56bfc062723c751e8b465ee728b)
Start importing Assets/Sprites/UI/Slice 1 (1).png using Guid(3d5a601f0a9a9444b9b9097688c6aad3) Importer(815301076,1909f56bfc062723c751e8b465ee728b)  -> (artifact id: 'f65a2a0a750f07b26edcd151762e6318') in 0.116454 seconds
  Import took 0.146435 seconds .

========================================================================
Received Prepare
Registering precompiled user dll's ...
Registered in 0.785748 seconds.
Begin MonoManager ReloadAssembly
Native extension for WindowsStandalone target not found
Native extension for WebGL target not found
Refreshing native plugins compatible for Editor in 0.70 ms, found 3 plugins.
Preloading 2 native plugins for Editor in 0.34 ms.
System.NullReferenceException: Object reference not set to an instance of an object
  at Vuforia.EditorClasses.ExtensionTypeProvider.GetVuforiaPackageAbsPath () [0x0004a] in <67f168408fbf4fce9c04342c093e9fe7>:0 
  at Vuforia.EditorClasses.ExtensionTypeProvider.IsPackageManager () [0x00000] in <67f168408fbf4fce9c04342c093e9fe7>:0 
  at Vuforia.EditorClasses.ExtensionTypeProvider.ResolvePluginType () [0x00009] in <67f168408fbf4fce9c04342c093e9fe7>:0 
  at Vuforia.EditorClasses.ExtensionTypeProvider.GetPluginType () [0x0000c] in <67f168408fbf4fce9c04342c093e9fe7>:0 
  at Vuforia.EditorClasses.VuforiaUtilities.IsVuforiaEnabledInPlayerSettings () [0x00000] in <67f168408fbf4fce9c04342c093e9fe7>:0 
  at VuforiaEnabledObserver..cctor () [0x00000] in <67f168408fbf4fce9c04342c093e9fe7>:0 
UnityEngine.StackTraceUtility:ExtractStackTrace ()
UnityEngine.DebugLogHandler:LogFormat (UnityEngine.LogType,UnityEngine.Object,string,object[])
UnityEngine.Logger:Log (UnityEngine.LogType,object)
UnityEngine.Debug:LogError (object)
UnityEditor.EditorAssemblies:ProcessInitializeOnLoadAttributes (System.Type[])

System.NullReferenceException: Object reference not set to an instance of an object
  at Vuforia.EditorClasses.ExtensionTypeProvider.GetVuforiaPackageAbsPath () [0x0004a] in <67f168408fbf4fce9c04342c093e9fe7>:0 
  at Vuforia.EditorClasses.ExtensionTypeProvider.IsPackageManager () [0x00000] in <67f168408fbf4fce9c04342c093e9fe7>:0 
  at Vuforia.EditorClasses.ExtensionTypeProvider.ResolvePluginType () [0x00009] in <67f168408fbf4fce9c04342c093e9fe7>:0 
  at Vuforia.EditorClasses.ExtensionTypeProvider.GetPluginType () [0x0000c] in <67f168408fbf4fce9c04342c093e9fe7>:0 
  at Vuforia.EditorClasses.VuforiaUtilities.IsVuforiaEnabledInPlayerSettings () [0x00000] in <67f168408fbf4fce9c04342c093e9fe7>:0 
  at Vuforia.EditorClasses.InitializeOnLoadVuforiaTaskRunner..cctor () [0x00015] in <67f168408fbf4fce9c04342c093e9fe7>:0 
UnityEngine.StackTraceUtility:ExtractStackTrace ()
UnityEngine.DebugLogHandler:LogFormat (UnityEngine.LogType,UnityEngine.Object,string,object[])
UnityEngine.Logger:Log (UnityEngine.LogType,object)
UnityEngine.Debug:LogError (object)
UnityEditor.EditorAssemblies:ProcessInitializeOnLoadAttributes (System.Type[])

Mono: successfully reloaded assembly
- Completed reload, in  1.814 seconds
Platform modules already initialized, skipping
Switching build target platform(19) subTarget(0) extendedPlatform(0) -> platform(13) subTarget(537395200) extendedPlatform(0)
Refreshing native plugins compatible for Editor in 0.51 ms, found 3 plugins.
Preloading 2 native plugins for Editor in 0.30 ms.
Unloading 1156 Unused Serialized files (Serialized files now loaded: 0)
System memory in use before: 63.9 MB.
System memory in use after: 64.0 MB.

Unloading 33 unused Assets to reduce memory usage. Loaded Objects now: 1928.
Total: 4.935000 ms (FindLiveObjects: 0.176500 ms CreateObjectMapping: 0.051800 ms MarkObjects: 4.600400 ms  DeleteObjects: 0.104000 ms)

AssetImportParameters requested are different than current active one (requested -> active):
  custom:graphics/normal-map-encoding: 01000000000000000000000000000000 -> 02000000000000000000000000000000
========================================================================
Received Import Request.
  Time since last request: 500.354340 seconds.
  path: Assets/Sprites/UI/Slice 1 (2).png
  artifactKey: Guid(65777ded20105dc40a88879d3226c5c1) Importer(815301076,1909f56bfc062723c751e8b465ee728b)
Start importing Assets/Sprites/UI/Slice 1 (2).png using Guid(65777ded20105dc40a88879d3226c5c1) Importer(815301076,1909f56bfc062723c751e8b465ee728b)  -> (artifact id: 'e7879509684f303028cd64c1afcc4450') in 0.318013 seconds
  Import took 0.337275 seconds .

========================================================================
Received Import Request.
  Time since last request: 10.783306 seconds.
  path: Assets/Sprites/UI/Slice 1 (2).png
  artifactKey: Guid(65777ded20105dc40a88879d3226c5c1) Importer(815301076,1909f56bfc062723c751e8b465ee728b)
Start importing Assets/Sprites/UI/Slice 1 (2).png using Guid(65777ded20105dc40a88879d3226c5c1) Importer(815301076,1909f56bfc062723c751e8b465ee728b)  -> (artifact id: 'f80b06e45fa07579383b070d1c65cf2c') in 0.215878 seconds
  Import took 0.228908 seconds .

========================================================================
Received Import Request.
  Time since last request: 13.048197 seconds.
  path: Assets/Sprites/UI/Rectangle 6.png
  artifactKey: Guid(90c2020dbc7f4ea4a887ccf9ebf918fd) Importer(815301076,1909f56bfc062723c751e8b465ee728b)
Start importing Assets/Sprites/UI/Rectangle 6.png using Guid(90c2020dbc7f4ea4a887ccf9ebf918fd) Importer(815301076,1909f56bfc062723c751e8b465ee728b)  -> (artifact id: '693329abb32c38397a641fbb148e2588') in 0.219151 seconds
  Import took 0.263460 seconds .

========================================================================
Received Import Request.
  Time since last request: 9.688577 seconds.
  path: Assets/Sprites/UI/BorderGuide.png
  artifactKey: Guid(90c2020dbc7f4ea4a887ccf9ebf918fd) Importer(815301076,1909f56bfc062723c751e8b465ee728b)
Start importing Assets/Sprites/UI/BorderGuide.png using Guid(90c2020dbc7f4ea4a887ccf9ebf918fd) Importer(815301076,1909f56bfc062723c751e8b465ee728b)  -> (artifact id: 'b5d0cb576dbb8d45466052289ffd8cc4') in 0.111440 seconds
  Import took 0.126911 seconds .

========================================================================
Received Import Request.
  Time since last request: 5.188771 seconds.
  path: Assets/Sprites/UI/BorderGuide.png
  artifactKey: Guid(90c2020dbc7f4ea4a887ccf9ebf918fd) Importer(815301076,1909f56bfc062723c751e8b465ee728b)
Start importing Assets/Sprites/UI/BorderGuide.png using Guid(90c2020dbc7f4ea4a887ccf9ebf918fd) Importer(815301076,1909f56bfc062723c751e8b465ee728b)  -> (artifact id: 'd123ad0389429920dfab2174140721f5') in 0.116385 seconds
  Import took 0.131527 seconds .

========================================================================
Received Import Request.
  Time since last request: 4.229593 seconds.
  path: Assets/Sprites/UI/ArutalaGuide.png
  artifactKey: Guid(65777ded20105dc40a88879d3226c5c1) Importer(815301076,1909f56bfc062723c751e8b465ee728b)
Start importing Assets/Sprites/UI/ArutalaGuide.png using Guid(65777ded20105dc40a88879d3226c5c1) Importer(815301076,1909f56bfc062723c751e8b465ee728b)  -> (artifact id: 'f587b0a554d81d800a312cc1c32d5d35') in 0.098156 seconds
  Import took 0.117860 seconds .

========================================================================
Received Import Request.
  Time since last request: 4.344600 seconds.
  path: Assets/Sprites/UI/ArutalaGuideTarget.png
  artifactKey: Guid(65777ded20105dc40a88879d3226c5c1) Importer(815301076,1909f56bfc062723c751e8b465ee728b)
Start importing Assets/Sprites/UI/ArutalaGuideTarget.png using Guid(65777ded20105dc40a88879d3226c5c1) Importer(815301076,1909f56bfc062723c751e8b465ee728b)  -> (artifact id: '5a7b1de2b706b342e71760d34392020b') in 0.117348 seconds
  Import took 0.148279 seconds .

========================================================================
Received Import Request.
  Time since last request: 2.753599 seconds.
  path: Assets/Sprites/UI/BorderGuideTarget.png
  artifactKey: Guid(90c2020dbc7f4ea4a887ccf9ebf918fd) Importer(815301076,1909f56bfc062723c751e8b465ee728b)
Start importing Assets/Sprites/UI/BorderGuideTarget.png using Guid(90c2020dbc7f4ea4a887ccf9ebf918fd) Importer(815301076,1909f56bfc062723c751e8b465ee728b)  -> (artifact id: '4d4e48dfa095be683776588e35b21aa4') in 0.066907 seconds
  Import took 0.070587 seconds .

========================================================================
Received Import Request.
  Time since last request: 115.941098 seconds.
  path: Assets/Sprites/UI/Rectangle 6 (1).png
  artifactKey: Guid(984b857bb035a17408ba503fe118c5be) Importer(815301076,1909f56bfc062723c751e8b465ee728b)
Start importing Assets/Sprites/UI/Rectangle 6 (1).png using Guid(984b857bb035a17408ba503fe118c5be) Importer(815301076,1909f56bfc062723c751e8b465ee728b)  -> (artifact id: 'eb61883b125040153a587b03b8e9a8e2') in 0.387171 seconds
  Import took 0.404942 seconds .

========================================================================
Received Import Request.
  Time since last request: 10.951500 seconds.
  path: Assets/Sprites/UI/Rectangle 6 (1).png
  artifactKey: Guid(984b857bb035a17408ba503fe118c5be) Importer(815301076,1909f56bfc062723c751e8b465ee728b)
Start importing Assets/Sprites/UI/Rectangle 6 (1).png using Guid(984b857bb035a17408ba503fe118c5be) Importer(815301076,1909f56bfc062723c751e8b465ee728b)  -> (artifact id: '8282217e4a10eba2bbe14ec07cdcad43') in 0.138842 seconds
  Import took 0.182832 seconds .

========================================================================
Received Import Request.
  Time since last request: 10.311020 seconds.
  path: Assets/Sprites/UI/BordeGuide.png
  artifactKey: Guid(984b857bb035a17408ba503fe118c5be) Importer(815301076,1909f56bfc062723c751e8b465ee728b)
Start importing Assets/Sprites/UI/BordeGuide.png using Guid(984b857bb035a17408ba503fe118c5be) Importer(815301076,1909f56bfc062723c751e8b465ee728b)  -> (artifact id: '5c6e2da6b955bad6d6a55e5b6b4f12c0') in 0.089485 seconds
  Import took 0.116490 seconds .

========================================================================
Received Import Request.
  Time since last request: 4.816510 seconds.
  path: Assets/Sprites/UI/BordeGuideTarget.png
  artifactKey: Guid(984b857bb035a17408ba503fe118c5be) Importer(815301076,1909f56bfc062723c751e8b465ee728b)
Start importing Assets/Sprites/UI/BordeGuideTarget.png using Guid(984b857bb035a17408ba503fe118c5be) Importer(815301076,1909f56bfc062723c751e8b465ee728b)  -> (artifact id: '98b380261674fd36c9e9216e94df825e') in 0.119700 seconds
  Import took 0.152972 seconds .

========================================================================
Received Import Request.
  Time since last request: 48.515791 seconds.
  path: Assets/Sprites/UI/Rectangle 6 (1).png
  artifactKey: Guid(984b857bb035a17408ba503fe118c5be) Importer(815301076,1909f56bfc062723c751e8b465ee728b)
Start importing Assets/Sprites/UI/Rectangle 6 (1).png using Guid(984b857bb035a17408ba503fe118c5be) Importer(815301076,1909f56bfc062723c751e8b465ee728b)  -> (artifact id: '6bb3e6bb9e380503631a959e45eb07a4') in 0.088675 seconds
  Import took 0.128762 seconds .

========================================================================
Received Import Request.
  Time since last request: 0.005581 seconds.
  path: Assets/Sprites/UI/Rectangle 6 (1).png
  artifactKey: Guid(984b857bb035a17408ba503fe118c5be) Importer(815301076,1909f56bfc062723c751e8b465ee728b)
Start importing Assets/Sprites/UI/Rectangle 6 (1).png using Guid(984b857bb035a17408ba503fe118c5be) Importer(815301076,1909f56bfc062723c751e8b465ee728b)  -> (artifact id: '6bb3e6bb9e380503631a959e45eb07a4') in 0.066078 seconds
  Import took 0.117447 seconds .

========================================================================
Received Import Request.
  Time since last request: 23.157418 seconds.
  path: Assets/Sprites/UI/BorderGuideTarget.png
  artifactKey: Guid(984b857bb035a17408ba503fe118c5be) Importer(815301076,1909f56bfc062723c751e8b465ee728b)
Start importing Assets/Sprites/UI/BorderGuideTarget.png using Guid(984b857bb035a17408ba503fe118c5be) Importer(815301076,1909f56bfc062723c751e8b465ee728b)  -> (artifact id: '406ff64c6e3eb8d34117b92f64e73556') in 0.041764 seconds
  Import took 0.073693 seconds .

========================================================================
Received Import Request.
  Time since last request: 78.738244 seconds.
  path: Assets/Animations/UI/GuideTarget.anim
  artifactKey: Guid(38100c02b39adee4081f31e1d5353ebe) Importer(815301076,1909f56bfc062723c751e8b465ee728b)
Start importing Assets/Animations/UI/GuideTarget.anim using Guid(38100c02b39adee4081f31e1d5353ebe) Importer(815301076,1909f56bfc062723c751e8b465ee728b)  -> (artifact id: 'aa3bf932f70153899186470e615e75ec') in 0.024699 seconds
  Import took 0.052575 seconds .

========================================================================
Received Prepare
Registering precompiled user dll's ...
Registered in 0.252283 seconds.
Begin MonoManager ReloadAssembly
Native extension for WindowsStandalone target not found
Native extension for WebGL target not found
Refreshing native plugins compatible for Editor in 0.59 ms, found 3 plugins.
Preloading 2 native plugins for Editor in 0.28 ms.
System.NullReferenceException: Object reference not set to an instance of an object
  at Vuforia.EditorClasses.ExtensionTypeProvider.GetVuforiaPackageAbsPath () [0x0004a] in <67f168408fbf4fce9c04342c093e9fe7>:0 
  at Vuforia.EditorClasses.ExtensionTypeProvider.IsPackageManager () [0x00000] in <67f168408fbf4fce9c04342c093e9fe7>:0 
  at Vuforia.EditorClasses.ExtensionTypeProvider.ResolvePluginType () [0x00009] in <67f168408fbf4fce9c04342c093e9fe7>:0 
  at Vuforia.EditorClasses.ExtensionTypeProvider.GetPluginType () [0x0000c] in <67f168408fbf4fce9c04342c093e9fe7>:0 
  at Vuforia.EditorClasses.VuforiaUtilities.IsVuforiaEnabledInPlayerSettings () [0x00000] in <67f168408fbf4fce9c04342c093e9fe7>:0 
  at VuforiaEnabledObserver..cctor () [0x00000] in <67f168408fbf4fce9c04342c093e9fe7>:0 
UnityEngine.StackTraceUtility:ExtractStackTrace ()
UnityEngine.DebugLogHandler:LogFormat (UnityEngine.LogType,UnityEngine.Object,string,object[])
UnityEngine.Logger:Log (UnityEngine.LogType,object)
UnityEngine.Debug:LogError (object)
UnityEditor.EditorAssemblies:ProcessInitializeOnLoadAttributes (System.Type[])

System.NullReferenceException: Object reference not set to an instance of an object
  at Vuforia.EditorClasses.ExtensionTypeProvider.GetVuforiaPackageAbsPath () [0x0004a] in <67f168408fbf4fce9c04342c093e9fe7>:0 
  at Vuforia.EditorClasses.ExtensionTypeProvider.IsPackageManager () [0x00000] in <67f168408fbf4fce9c04342c093e9fe7>:0 
  at Vuforia.EditorClasses.ExtensionTypeProvider.ResolvePluginType () [0x00009] in <67f168408fbf4fce9c04342c093e9fe7>:0 
  at Vuforia.EditorClasses.ExtensionTypeProvider.GetPluginType () [0x0000c] in <67f168408fbf4fce9c04342c093e9fe7>:0 
  at Vuforia.EditorClasses.VuforiaUtilities.IsVuforiaEnabledInPlayerSettings () [0x00000] in <67f168408fbf4fce9c04342c093e9fe7>:0 
  at Vuforia.EditorClasses.InitializeOnLoadVuforiaTaskRunner..cctor () [0x00015] in <67f168408fbf4fce9c04342c093e9fe7>:0 
UnityEngine.StackTraceUtility:ExtractStackTrace ()
UnityEngine.DebugLogHandler:LogFormat (UnityEngine.LogType,UnityEngine.Object,string,object[])
UnityEngine.Logger:Log (UnityEngine.LogType,object)
UnityEngine.Debug:LogError (object)
UnityEditor.EditorAssemblies:ProcessInitializeOnLoadAttributes (System.Type[])

Mono: successfully reloaded assembly
- Completed reload, in  2.313 seconds
Platform modules already initialized, skipping
Switching build target platform(19) subTarget(0) extendedPlatform(0) -> platform(13) subTarget(537395200) extendedPlatform(0)
Refreshing native plugins compatible for Editor in 0.44 ms, found 3 plugins.
Preloading 2 native plugins for Editor in 0.24 ms.
Unloading 1156 Unused Serialized files (Serialized files now loaded: 0)
System memory in use before: 64.0 MB.
System memory in use after: 64.0 MB.

Unloading 33 unused Assets to reduce memory usage. Loaded Objects now: 1934.
Total: 2.533900 ms (FindLiveObjects: 0.211300 ms CreateObjectMapping: 0.057300 ms MarkObjects: 2.189900 ms  DeleteObjects: 0.073600 ms)

AssetImportParameters requested are different than current active one (requested -> active):
  custom:graphics/normal-map-encoding: 01000000000000000000000000000000 -> 02000000000000000000000000000000
========================================================================
Received Prepare
Refreshing native plugins compatible for Editor in 39.61 ms, found 3 plugins.
Preloading 2 native plugins for Editor in 0.20 ms.
Unloading 31 Unused Serialized files (Serialized files now loaded: 0)
System memory in use before: 42.0 MB.
System memory in use after: 42.0 MB.

Unloading 31 unused Assets to reduce memory usage. Loaded Objects now: 1934.
Total: 2.576900 ms (FindLiveObjects: 0.160500 ms CreateObjectMapping: 0.042500 ms MarkObjects: 2.304800 ms  DeleteObjects: 0.067900 ms)

AssetImportWorkerClient::OnTransportError - code=2 error=End of file
